
Efinix Static Timing Analysis Report
Version: 2022.1.226
Date: Thu Dec 01 14:39:09 2022

Copyright (C) 2013 - 2022 Efinix Inc. All rights reserved.

Top-level Entity Name: New_RiscV

SDC Filename: Not Specified

Timing Model: C2
	temperature : 0C to 85C
	voltage : 1.1V +/-50mV
	speedgrade : 2
	technology : s40ll
	status : final

---------- Table of Contents (begin) ----------
   1. Clock Frequency Summary
   2. Clock Relationship Summary
   3. Path Details for Max Critical Paths
   4. Path Details for Min Critical Paths
---------- Table of Contents (end) ------------

---------- 1. Clock Frequency Summary (begin) ----------

User target constrained clocks
 Clock Name  Period (ns)  Frequency (MHz)   Waveform    Source Clock Name
    CLK         1.000        1000.000     {0.000 0.500}        CLK

Maximum possible analyzed clocks frequency
 Clock Name  Period (ns)  Frequency (MHz)     Edge
    CLK         25.917        38.585         (R-R)

Geomean max period: 25.917

---------- Clock Frequency Summary (end) ---------------

---------- 2. Clock Relationship Summary (begin) ----------

Setup (Max) Clock Relationship
  Launch Clock    Capture Clock   Constraint (ns)     Slack (ns)          Edge
      CLK              CLK             1.000           -24.917           (R-R)

Hold (Min) Clock Relationship
  Launch Clock    Capture Clock   Constraint (ns)     Slack (ns)          Edge
      CLK              CLK             0.000            0.375            (R-R)

NOTE: Values are in nanoseconds.

---------- Clock Relationship Summary (end) ---------------

---------- 3. Path Details for Max Critical Paths (begin) ----------

################################################################################
Path Detail Report (CLK vs CLK)
################################################################################


++++ Path 1 ++++++++++++++++++++++++++++++++++++++++++++++++++++++++++++++++++++

Path Begin    : PROG_MEM__D$j12|RCLK                  
Path End      : ARG2[0]~FF|D                          
Launch Clock  : CLK (RISE)                            
Capture Clock : CLK (RISE)                            
Slack         : -24.917 (required time - arrival time)
Delay         : 20.129                                

Logic Level             : 6
Non-global nets on path : 6
Global nets on path     : 0

Launch Clock Path Delay        :  4.757
+ Clock To Q + Data Path Delay : 25.777
---------------------------------------
End-of-path arrival time       : 30.534

Constraint                     : 1.000
+ Capture Clock Path Delay     : 4.757
- Clock Uncertainty            : 0.140
--------------------------------------
End-of-path required time      : 5.617

Launch Clock Path
        name          model name   delay (ns)  cumulative delay (ns) pins on net    location
==============================================================================================
CLK                  inpad           0.000             0.000                0        (0,78)
CLK                  inpad           0.420             0.420                2        (0,78)
CLK                  net             1.019             1.439                2        (0,78)
   Routing elements:
      Manhattan distance of X:1, Y:0
CLKBUF__0|I          gbuf            3.318             4.757                2        (1,78)
CLKBUF__0|O          gbuf            0.000             4.757             1415        (1,78)
CLK~O                net             0.000             4.757             1415        (1,78)
PROG_MEM__D$j12|RCLK ram_4096x20     0.000             4.757             1415        (45,2)

Data Path
          name             model name   delay (ns)  cumulative delay (ns) pins on net    location
===================================================================================================
PROG_MEM__D$j12|RDATA[10] ram_4096x20     5.264             5.264              86        (45,2) 
n51770                    net             2.867             8.131              86        (45,2) 
   Routing elements:
      Manhattan distance of X:13, Y:30
LUT__4494|in[3]           lut             0.000             8.131              86        (32,32)
LUT__4494|out             lut             0.000             8.131             406        (32,32)
n2954                     net             5.888            14.019             406        (32,32)
   Routing elements:
      Manhattan distance of X:28, Y:22
LUT__4728|in[0]           lut             0.000            14.019             406        (4,54) 
LUT__4728|out             lut             0.000            14.019               2        (4,54) 
n3175                     net             2.904            16.923               2        (4,54) 
   Routing elements:
      Manhattan distance of X:3, Y:1
LUT__4729|in[1]           lut             0.000            16.923               2        (7,55) 
LUT__4729|out             lut             0.000            16.923               2        (7,55) 
n3176                     net             1.290            18.213               2        (7,55) 
   Routing elements:
      Manhattan distance of X:2, Y:0
LUT__4732|in[3]           lut             0.000            18.213               2        (9,55) 
LUT__4732|out             lut             0.000            18.213               2        (9,55) 
n3179                     net             4.694            22.907               2        (9,55) 
   Routing elements:
      Manhattan distance of X:2, Y:36
LUT__4751|in[3]           lut             0.000            22.907               2        (11,91)
LUT__4751|out             lut             0.000            22.907               3        (11,91)
n3198                     net             2.486            25.393               3        (11,91)
   Routing elements:
      Manhattan distance of X:28, Y:0
LUT__4755|in[3]           lut             0.000            25.393               3        (39,91)
LUT__4755|out             lut             0.000            25.393               2        (39,91)
ARG2[0]~FF|D              ff              0.384            25.777               2        (39,91)

Capture Clock Path
     name       model name   delay (ns)  cumulative delay (ns) pins on net    location
========================================================================================
CLK               inpad        0.000             0.000                0       (0,78) 
CLK               inpad        0.420             0.420                2       (0,78) 
CLK               net          1.019             1.439                2       (0,78) 
   Routing elements:
      Manhattan distance of X:1, Y:0
CLKBUF__0|I       gbuf         3.318             4.757                2       (1,78) 
CLKBUF__0|O       gbuf         0.000             4.757             1415       (1,78) 
CLK~O             net          0.000             4.757             1415       (1,78) 
ARG2[0]~FF|CLK    ff           0.000             4.757             1415       (39,91)

---------- Path Details for Max Critical Paths (end) ---------------

---------- 4. Path Details for Min Critical Paths (begin) ----------

################################################################################
Path Detail Report (CLK vs CLK)
################################################################################


++++ Path 1 ++++++++++++++++++++++++++++++++++++++++++++++++++++++++++++++++++++

Path Begin    : SAVE_DATA[24]~FF|CLK                
Path End      : USER_MEM__D$e12|WDATA[2]            
Launch Clock  : CLK (RISE)                          
Capture Clock : CLK (RISE)                          
Slack         : 0.375 (arrival time - required time)
Delay         : 0.386                               

Logic Level             : 0
Non-global nets on path : 1
Global nets on path     : 0

Launch Clock Path Delay        : 1.699
+ Clock To Q + Data Path Delay : 0.425
--------------------------------------
End-of-path arrival time       : 2.124

Constraint                     : 0.000
+ Capture Clock Path Delay     : 1.699
+ Clock Uncertainty            : 0.050
--------------------------------------
End-of-path required time      : 1.749

Launch Clock Path
        name          model name   delay (ns)  cumulative delay (ns) pins on net    location
==============================================================================================
CLK                     inpad        0.000             0.000                0       (0,78)  
CLK                     inpad        0.150             0.150                2       (0,78)  
CLK                     net          0.364             0.514                2       (0,78)  
   Routing elements:
      Manhattan distance of X:1, Y:0
CLKBUF__0|I             gbuf         1.185             1.699                2       (1,78)  
CLKBUF__0|O             gbuf         0.000             1.699             1415       (1,78)  
CLK~O                   net          0.000             1.699             1415       (1,78)  
SAVE_DATA[24]~FF|CLK    ff           0.000             1.699             1415       (47,104)

Data Path
          name            model name   delay (ns)  cumulative delay (ns) pins on net    location
==================================================================================================
SAVE_DATA[24]~FF|Q       ff               0.232            0.232              2         (47,104)
SAVE_DATA[24]            net              0.386            0.618              2         (47,104)
   Routing elements:
      Manhattan distance of X:2, Y:2
USER_MEM__D$e12|WDATA[2] ram_4096x20     -0.193            0.425              2         (45,102)

Capture Clock Path
        name          model name   delay (ns)  cumulative delay (ns) pins on net    location
==============================================================================================
CLK                  inpad           0.000             0.000                0       (0,78)  
CLK                  inpad           0.150             0.150                2       (0,78)  
CLK                  net             0.364             0.514                2       (0,78)  
   Routing elements:
      Manhattan distance of X:1, Y:0
CLKBUF__0|I          gbuf            1.185             1.699                2       (1,78)  
CLKBUF__0|O          gbuf            0.000             1.699             1415       (1,78)  
CLK~O                net             0.000             1.699             1415       (1,78)  
USER_MEM__D$e12|WCLK ram_4096x20     0.000             1.699             1415       (45,102)

---------- Path Details for Min Critical Paths (end) ---------------

